<?xml version="1.0" encoding="UTF-8"?>
<!-- Generated by org.testng.reporters.JUnitReportReporter -->
<testsuite hostname="DESKTOP-AIKC6K7" failures="0" tests="1" name="com.base.web.base.runner.pruebaRunner" time="19.764" errors="0" timestamp="2023-02-14T13:52:43 COT" skipped="0">
  <testcase classname="com.base.web.base.runner.pruebaRunner" name="scenario" time="19.764"/>
  <system-out/>
</testsuite> <!-- com.base.web.base.runner.pruebaRunner -->
