<?xml version="1.0" encoding="UTF-8"?>
<!-- Generated by org.testng.reporters.JUnitReportReporter -->
<testsuite hostname="DESKTOP-AIKC6K7" failures="0" tests="2" name="com.base.web.base.runner.pruebaRunner" time="151.187" errors="0" timestamp="2023-02-02T11:49:36 COT" skipped="0">
  <testcase classname="com.base.web.base.runner.pruebaRunner" name="scenario" time="19.940"/>
  <system-out/>
  <testcase classname="com.base.web.base.runner.pruebaRunner" name="scenario" time="131.247"/>
  <system-out/>
</testsuite> <!-- com.base.web.base.runner.pruebaRunner -->
